<?xml version="1.0" encoding="UTF-8"?>
<testsuite name="com.geektrust.tests.PlanetBuilderShould" tests="1" skipped="0" failures="0" errors="0" timestamp="2020-03-18T18:37:30" hostname="hemant-ubuntu" time="0.001">
  <properties/>
  <testcase name="construct_planet" classname="com.geektrust.tests.PlanetBuilderShould" time="0.001"/>
  <system-out><![CDATA[]]></system-out>
  <system-err><![CDATA[]]></system-err>
</testsuite>
