<?xml version="1.0" encoding="UTF-8"?>
<testsuite name="com.geektrust.tests.PlanetShould" tests="1" skipped="0" failures="0" errors="0" timestamp="2020-03-18T18:37:30" hostname="hemant-ubuntu" time="0.0">
  <properties/>
  <testcase name="handle_attack" classname="com.geektrust.tests.PlanetShould" time="0.0"/>
  <system-out><![CDATA[]]></system-out>
  <system-err><![CDATA[]]></system-err>
</testsuite>
